===2019-04-19 10:04:28.220 DEBUG org.springframework.security.config.annotation.authentication.configuration.AuthenticationConfiguration$EnableGlobalAuthenticationAutowiredConfigurer Line:192 - Eagerly initializing {webSecurityConfig=allein.bizcorn.service.security.config.WebSecurityConfig$$EnhancerBySpringCGLIB$$b9250ed3@5c8b10b4, org.springframework.security.config.annotation.web.servlet.configuration.WebMvcSecurityConfiguration=org.springframework.security.config.annotation.web.servlet.configuration.WebMvcSecurityConfiguration$$EnhancerBySpringCGLIB$$b35040e7@7f6b57f2}
===2019-04-19 10:04:28.730 DEBUG org.springframework.security.web.access.expression.ExpressionBasedFilterInvocationSecurityMetadataSource Line:74  - Adding web access control expression 'authenticated', for Ant [pattern='/user', PUT]
===2019-04-19 10:04:28.770 DEBUG org.springframework.security.web.access.intercept.FilterSecurityInterceptor Line:180 - Validated configuration attributes
===2019-04-19 10:04:28.772 DEBUG org.springframework.security.web.access.intercept.FilterSecurityInterceptor Line:180 - Validated configuration attributes
===2019-04-19 10:04:28.937 DEBUG org.springframework.security.access.intercept.aopalliance.MethodSecurityInterceptor Line:180 - Validated configuration attributes
===2019-04-19 10:04:29.766 DEBUG org.springframework.web.socket.messaging.WebSocketAnnotationMethodMessageHandler Line:62  - Looking for @MessageExceptionHandler mappings: org.springframework.web.context.support.GenericWebApplicationContext@62b3df3a: startup date [Fri Apr 19 10:04:13 CST 2019]; parent: org.springframework.context.annotation.AnnotationConfigApplicationContext@2eced48b
===2019-04-19 10:04:29.901 DEBUG org.springframework.web.socket.messaging.WebSocketAnnotationMethodMessageHandler Line:302 - 0 message handler methods found on class allein.bizcorn.service.ServiceApplication: {}
===2019-04-19 10:04:29.903 DEBUG org.springframework.web.socket.messaging.WebSocketAnnotationMethodMessageHandler Line:302 - 0 message handler methods found on class allein.bizcorn.service.implement.CacheServiceImpl: {}
===2019-04-19 10:04:29.918 DEBUG org.springframework.web.socket.messaging.WebSocketAnnotationMethodMessageHandler Line:302 - 0 message handler methods found on class allein.bizcorn.service.implement.CommonServiceImpl: {}
===2019-04-19 10:04:29.927 DEBUG org.springframework.web.socket.messaging.WebSocketAnnotationMethodMessageHandler Line:302 - 0 message handler methods found on class allein.bizcorn.service.implement.FileServiceImpl: {}
===2019-04-19 10:04:29.968 DEBUG org.springframework.web.socket.messaging.WebSocketAnnotationMethodMessageHandler Line:302 - 0 message handler methods found on class allein.bizcorn.service.implement.UserServiceMongoImpl: {}
===2019-04-19 10:04:29.981 DEBUG org.springframework.web.socket.messaging.WebSocketAnnotationMethodMessageHandler Line:302 - 3 message handler methods found on class allein.bizcorn.service.websocket.controller.MessageController: {public com.alibaba.fastjson.JSONObject allein.bizcorn.service.websocket.controller.MessageController.selftalk(com.alibaba.fastjson.JSONObject) throws java.lang.Exception={[/message],messageType=[MESSAGE]}, public com.alibaba.fastjson.JSONObject allein.bizcorn.service.websocket.controller.MessageController.selftalkb(com.alibaba.fastjson.JSONObject) throws java.lang.Exception={[/brodcast/message],messageType=[MESSAGE]}, public void allein.bizcorn.service.websocket.controller.MessageController.groupMessage(java.lang.String,java.lang.String)={[/group/{groupId}],messageType=[MESSAGE]}}
===2019-04-19 10:04:30.021 DEBUG org.springframework.web.socket.messaging.WebSocketAnnotationMethodMessageHandler Line:302 - 0 message handler methods found on class org.springframework.boot.autoconfigure.web.servlet.error.BasicErrorController: {}
===2019-04-19 10:09:24.034 DEBUG org.springframework.security.config.annotation.authentication.configuration.AuthenticationConfiguration$EnableGlobalAuthenticationAutowiredConfigurer Line:192 - Eagerly initializing {webSecurityConfig=allein.bizcorn.service.security.config.WebSecurityConfig$$EnhancerBySpringCGLIB$$c946a1e7@72324965, org.springframework.security.config.annotation.web.servlet.configuration.WebMvcSecurityConfiguration=org.springframework.security.config.annotation.web.servlet.configuration.WebMvcSecurityConfiguration$$EnhancerBySpringCGLIB$$c371d3fb@243c4346}
===2019-04-19 10:09:24.659 DEBUG org.springframework.security.web.access.expression.ExpressionBasedFilterInvocationSecurityMetadataSource Line:74  - Adding web access control expression 'authenticated', for Ant [pattern='/user', PUT]
===2019-04-19 10:09:24.712 DEBUG org.springframework.security.web.access.intercept.FilterSecurityInterceptor Line:180 - Validated configuration attributes
===2019-04-19 10:09:24.714 DEBUG org.springframework.security.web.access.intercept.FilterSecurityInterceptor Line:180 - Validated configuration attributes
===2019-04-19 10:09:24.896 DEBUG org.springframework.security.access.intercept.aopalliance.MethodSecurityInterceptor Line:180 - Validated configuration attributes
===2019-04-19 10:09:25.941 DEBUG org.springframework.web.socket.messaging.WebSocketAnnotationMethodMessageHandler Line:62  - Looking for @MessageExceptionHandler mappings: org.springframework.web.context.support.GenericWebApplicationContext@232024b9: startup date [Fri Apr 19 10:09:07 CST 2019]; parent: org.springframework.context.annotation.AnnotationConfigApplicationContext@5a85c92
===2019-04-19 10:09:26.014 DEBUG org.springframework.web.socket.messaging.WebSocketAnnotationMethodMessageHandler Line:302 - 0 message handler methods found on class allein.bizcorn.service.ServiceApplication: {}
===2019-04-19 10:09:26.019 DEBUG org.springframework.web.socket.messaging.WebSocketAnnotationMethodMessageHandler Line:302 - 0 message handler methods found on class allein.bizcorn.service.implement.CacheServiceImpl: {}
===2019-04-19 10:09:26.021 DEBUG org.springframework.web.socket.messaging.WebSocketAnnotationMethodMessageHandler Line:302 - 0 message handler methods found on class allein.bizcorn.service.implement.CommonServiceImpl: {}
===2019-04-19 10:09:26.024 DEBUG org.springframework.web.socket.messaging.WebSocketAnnotationMethodMessageHandler Line:302 - 0 message handler methods found on class allein.bizcorn.service.implement.FileServiceImpl: {}
===2019-04-19 10:09:26.038 DEBUG org.springframework.web.socket.messaging.WebSocketAnnotationMethodMessageHandler Line:302 - 0 message handler methods found on class allein.bizcorn.service.implement.UserServiceMongoImpl: {}
===2019-04-19 10:09:26.049 DEBUG org.springframework.web.socket.messaging.WebSocketAnnotationMethodMessageHandler Line:302 - 3 message handler methods found on class allein.bizcorn.service.websocket.controller.MessageController: {public com.alibaba.fastjson.JSONObject allein.bizcorn.service.websocket.controller.MessageController.selftalk(com.alibaba.fastjson.JSONObject) throws java.lang.Exception={[/message],messageType=[MESSAGE]}, public com.alibaba.fastjson.JSONObject allein.bizcorn.service.websocket.controller.MessageController.selftalkb(com.alibaba.fastjson.JSONObject) throws java.lang.Exception={[/brodcast/message],messageType=[MESSAGE]}, public void allein.bizcorn.service.websocket.controller.MessageController.groupMessage(java.lang.String,java.lang.String)={[/group/{groupId}],messageType=[MESSAGE]}}
===2019-04-19 10:09:26.081 DEBUG org.springframework.web.socket.messaging.WebSocketAnnotationMethodMessageHandler Line:302 - 0 message handler methods found on class org.springframework.boot.autoconfigure.web.servlet.error.BasicErrorController: {}
===2019-04-19 10:13:52.435 DEBUG org.springframework.security.config.annotation.authentication.configuration.AuthenticationConfiguration$EnableGlobalAuthenticationAutowiredConfigurer Line:192 - Eagerly initializing {webSecurityConfig=allein.bizcorn.service.security.config.WebSecurityConfig$$EnhancerBySpringCGLIB$$c66603e1@4a122e68, org.springframework.security.config.annotation.web.servlet.configuration.WebMvcSecurityConfiguration=org.springframework.security.config.annotation.web.servlet.configuration.WebMvcSecurityConfiguration$$EnhancerBySpringCGLIB$$c09135f5@7d12429}
===2019-04-19 10:13:52.927 DEBUG org.springframework.security.web.access.expression.ExpressionBasedFilterInvocationSecurityMetadataSource Line:74  - Adding web access control expression 'authenticated', for Ant [pattern='/user', PUT]
===2019-04-19 10:13:52.967 DEBUG org.springframework.security.web.access.intercept.FilterSecurityInterceptor Line:180 - Validated configuration attributes
===2019-04-19 10:13:52.969 DEBUG org.springframework.security.web.access.intercept.FilterSecurityInterceptor Line:180 - Validated configuration attributes
===2019-04-19 10:13:53.132 DEBUG org.springframework.security.access.intercept.aopalliance.MethodSecurityInterceptor Line:180 - Validated configuration attributes
===2019-04-19 10:13:53.706 DEBUG org.springframework.web.socket.messaging.WebSocketAnnotationMethodMessageHandler Line:62  - Looking for @MessageExceptionHandler mappings: org.springframework.boot.web.servlet.context.AnnotationConfigServletWebServerApplicationContext@b09fac1: startup date [Fri Apr 19 10:13:33 CST 2019]; parent: org.springframework.context.annotation.AnnotationConfigApplicationContext@4566d049
===2019-04-19 10:13:53.760 DEBUG org.springframework.web.socket.messaging.WebSocketAnnotationMethodMessageHandler Line:302 - 0 message handler methods found on class allein.bizcorn.service.ServiceApplication: {}
===2019-04-19 10:13:53.762 DEBUG org.springframework.web.socket.messaging.WebSocketAnnotationMethodMessageHandler Line:302 - 0 message handler methods found on class allein.bizcorn.service.implement.CacheServiceImpl: {}
===2019-04-19 10:13:53.765 DEBUG org.springframework.web.socket.messaging.WebSocketAnnotationMethodMessageHandler Line:302 - 0 message handler methods found on class allein.bizcorn.service.implement.CommonServiceImpl: {}
===2019-04-19 10:13:53.769 DEBUG org.springframework.web.socket.messaging.WebSocketAnnotationMethodMessageHandler Line:302 - 0 message handler methods found on class allein.bizcorn.service.implement.FileServiceImpl: {}
===2019-04-19 10:13:53.783 DEBUG org.springframework.web.socket.messaging.WebSocketAnnotationMethodMessageHandler Line:302 - 0 message handler methods found on class allein.bizcorn.service.implement.UserServiceMongoImpl: {}
===2019-04-19 10:13:53.796 DEBUG org.springframework.web.socket.messaging.WebSocketAnnotationMethodMessageHandler Line:302 - 3 message handler methods found on class allein.bizcorn.service.websocket.controller.MessageController: {public com.alibaba.fastjson.JSONObject allein.bizcorn.service.websocket.controller.MessageController.selftalk(com.alibaba.fastjson.JSONObject) throws java.lang.Exception={[/message],messageType=[MESSAGE]}, public com.alibaba.fastjson.JSONObject allein.bizcorn.service.websocket.controller.MessageController.selftalkb(com.alibaba.fastjson.JSONObject) throws java.lang.Exception={[/brodcast/message],messageType=[MESSAGE]}, public void allein.bizcorn.service.websocket.controller.MessageController.groupMessage(java.lang.String,java.lang.String)={[/group/{groupId}],messageType=[MESSAGE]}}
===2019-04-19 10:13:53.808 DEBUG org.springframework.web.socket.messaging.WebSocketAnnotationMethodMessageHandler Line:302 - 0 message handler methods found on class org.springframework.boot.autoconfigure.web.servlet.error.BasicErrorController: {}
===2019-04-19 10:14:19.413 DEBUG org.springframework.security.config.annotation.authentication.configuration.AuthenticationConfiguration$EnableGlobalAuthenticationAutowiredConfigurer Line:192 - Eagerly initializing {webSecurityConfig=allein.bizcorn.service.security.config.WebSecurityConfig$$EnhancerBySpringCGLIB$$c66603e1@4353230, org.springframework.security.config.annotation.web.servlet.configuration.WebMvcSecurityConfiguration=org.springframework.security.config.annotation.web.servlet.configuration.WebMvcSecurityConfiguration$$EnhancerBySpringCGLIB$$c09135f5@7b1bb01c}
===2019-04-19 10:14:19.646 DEBUG org.springframework.security.web.access.expression.ExpressionBasedFilterInvocationSecurityMetadataSource Line:74  - Adding web access control expression 'authenticated', for Ant [pattern='/user', PUT]
===2019-04-19 10:14:19.661 DEBUG org.springframework.security.web.access.intercept.FilterSecurityInterceptor Line:180 - Validated configuration attributes
===2019-04-19 10:14:19.663 DEBUG org.springframework.security.web.access.intercept.FilterSecurityInterceptor Line:180 - Validated configuration attributes
===2019-04-19 10:14:19.799 DEBUG org.springframework.security.access.intercept.aopalliance.MethodSecurityInterceptor Line:180 - Validated configuration attributes
===2019-04-19 10:14:20.119 DEBUG org.springframework.web.socket.messaging.WebSocketAnnotationMethodMessageHandler Line:62  - Looking for @MessageExceptionHandler mappings: org.springframework.boot.web.servlet.context.AnnotationConfigServletWebServerApplicationContext@d426e01: startup date [Fri Apr 19 10:14:13 CST 2019]; parent: org.springframework.context.annotation.AnnotationConfigApplicationContext@554a2f3
===2019-04-19 10:14:20.137 DEBUG org.springframework.web.socket.messaging.WebSocketAnnotationMethodMessageHandler Line:302 - 0 message handler methods found on class allein.bizcorn.service.ServiceApplication: {}
===2019-04-19 10:14:20.138 DEBUG org.springframework.web.socket.messaging.WebSocketAnnotationMethodMessageHandler Line:302 - 0 message handler methods found on class allein.bizcorn.service.implement.CacheServiceImpl: {}
===2019-04-19 10:14:20.139 DEBUG org.springframework.web.socket.messaging.WebSocketAnnotationMethodMessageHandler Line:302 - 0 message handler methods found on class allein.bizcorn.service.implement.CommonServiceImpl: {}
===2019-04-19 10:14:20.141 DEBUG org.springframework.web.socket.messaging.WebSocketAnnotationMethodMessageHandler Line:302 - 0 message handler methods found on class allein.bizcorn.service.implement.FileServiceImpl: {}
===2019-04-19 10:14:20.143 DEBUG org.springframework.web.socket.messaging.WebSocketAnnotationMethodMessageHandler Line:302 - 0 message handler methods found on class allein.bizcorn.service.implement.UserServiceMongoImpl: {}
===2019-04-19 10:14:20.145 DEBUG org.springframework.web.socket.messaging.WebSocketAnnotationMethodMessageHandler Line:302 - 3 message handler methods found on class allein.bizcorn.service.websocket.controller.MessageController: {public com.alibaba.fastjson.JSONObject allein.bizcorn.service.websocket.controller.MessageController.selftalk(com.alibaba.fastjson.JSONObject) throws java.lang.Exception={[/message],messageType=[MESSAGE]}, public com.alibaba.fastjson.JSONObject allein.bizcorn.service.websocket.controller.MessageController.selftalkb(com.alibaba.fastjson.JSONObject) throws java.lang.Exception={[/brodcast/message],messageType=[MESSAGE]}, public void allein.bizcorn.service.websocket.controller.MessageController.groupMessage(java.lang.String,java.lang.String)={[/group/{groupId}],messageType=[MESSAGE]}}
===2019-04-19 10:14:20.148 DEBUG org.springframework.web.socket.messaging.WebSocketAnnotationMethodMessageHandler Line:302 - 0 message handler methods found on class org.springframework.boot.autoconfigure.web.servlet.error.BasicErrorController: {}
